<?xml version="1.0" encoding="UTF-8"?>
<!-- Generated by org.testng.reporters.JUnitReportReporter -->
<testsuite hostname="DD-HUONGTHT2" name="com.DrParser.testRunner.TestRunner" tests="1" failures="0" timestamp="18 Oct 2022 09:35:48 GMT" time="44.828" errors="0">
  <testcase name="feature" time="44.828" classname="com.DrParser.testRunner.TestRunner"/>
</testsuite> <!-- com.DrParser.testRunner.TestRunner -->
