<?xml version="1.0" encoding="UTF-8"?>
<!-- Generated by org.testng.reporters.JUnitReportReporter -->
<testsuite hostname="DD-HUONGTHT1" name="com.DrParser.testRunner.TestRunner" tests="1" failures="0" timestamp="5 Oct 2022 09:38:57 GMT" time="43.670" errors="0">
  <testcase name="feature" time="43.670" classname="com.DrParser.testRunner.TestRunner"/>
</testsuite> <!-- com.DrParser.testRunner.TestRunner -->
